<?xml version="1.0" encoding="UTF-8"?>
<coverage generated="1775586641444" clover="3.2.0">
  <project timestamp="1775586641444" name="All files">
    <metrics statements="26" coveredstatements="26" conditionals="35" coveredconditionals="33" methods="11" coveredmethods="10" elements="72" coveredelements="69" complexity="0" loc="26" ncloc="26" packages="3" files="7" classes="7"/>
    <package name="app.login">
      <metrics statements="15" coveredstatements="15" conditionals="4" coveredconditionals="4" methods="2" coveredmethods="2"/>
      <file name="index.tsx" path="/Users/isadoraguerra/Documents/AgesIII/frontend-mobile/app/login/index.tsx">
        <metrics statements="15" coveredstatements="15" conditionals="4" coveredconditionals="4" methods="2" coveredmethods="2"/>
        <line num="10" count="16" type="stmt"/>
        <line num="11" count="16" type="stmt"/>
        <line num="12" count="16" type="stmt"/>
        <line num="14" count="16" type="stmt"/>
        <line num="16" count="16" type="stmt"/>
        <line num="17" count="4" type="cond" truecount="4" falsecount="0"/>
        <line num="18" count="1" type="stmt"/>
        <line num="19" count="1" type="stmt"/>
        <line num="22" count="3" type="stmt"/>
        <line num="24" count="3" type="stmt"/>
        <line num="25" count="3" type="stmt"/>
        <line num="30" count="1" type="stmt"/>
        <line num="32" count="1" type="stmt"/>
        <line num="34" count="2" type="stmt"/>
        <line num="38" count="16" type="stmt"/>
      </file>
    </package>
    <package name="src.components">
      <metrics statements="8" coveredstatements="8" conditionals="22" coveredconditionals="20" methods="6" coveredmethods="6"/>
      <file name="ActionButton.tsx" path="/Users/isadoraguerra/Documents/AgesIII/frontend-mobile/src/components/ActionButton.tsx">
        <metrics statements="1" coveredstatements="1" conditionals="0" coveredconditionals="0" methods="1" coveredmethods="1"/>
        <line num="11" count="4" type="stmt"/>
      </file>
      <file name="AnswerCard.tsx" path="/Users/isadoraguerra/Documents/AgesIII/frontend-mobile/src/components/AnswerCard.tsx">
        <metrics statements="1" coveredstatements="1" conditionals="10" coveredconditionals="10" methods="1" coveredmethods="1"/>
        <line num="13" count="5" type="stmt"/>
      </file>
      <file name="AnswerStatusBadge.tsx" path="/Users/isadoraguerra/Documents/AgesIII/frontend-mobile/src/components/AnswerStatusBadge.tsx">
        <metrics statements="1" coveredstatements="1" conditionals="6" coveredconditionals="6" methods="1" coveredmethods="1"/>
        <line num="9" count="4" type="stmt"/>
      </file>
      <file name="QuestionAnalysisBottomSheet.tsx" path="/Users/isadoraguerra/Documents/AgesIII/frontend-mobile/src/components/QuestionAnalysisBottomSheet.tsx">
        <metrics statements="4" coveredstatements="4" conditionals="0" coveredconditionals="0" methods="2" coveredmethods="2"/>
        <line num="20" count="1" type="stmt"/>
        <line num="35" count="4" type="stmt"/>
        <line num="37" count="4" type="stmt"/>
        <line num="59" count="1" type="stmt"/>
      </file>
      <file name="QuestionAnalysisSheet.tsx" path="/Users/isadoraguerra/Documents/AgesIII/frontend-mobile/src/components/QuestionAnalysisSheet.tsx">
        <metrics statements="1" coveredstatements="1" conditionals="6" coveredconditionals="4" methods="1" coveredmethods="1"/>
        <line num="30" count="4" type="stmt"/>
      </file>
    </package>
    <package name="src.components.TextInputWithTitle">
      <metrics statements="3" coveredstatements="3" conditionals="9" coveredconditionals="9" methods="3" coveredmethods="2"/>
      <file name="TextInputWithTitle.tsx" path="/Users/isadoraguerra/Documents/AgesIII/frontend-mobile/src/components/TextInputWithTitle/TextInputWithTitle.tsx">
        <metrics statements="3" coveredstatements="3" conditionals="9" coveredconditionals="9" methods="3" coveredmethods="2"/>
        <line num="20" count="40" type="stmt"/>
        <line num="22" count="40" type="stmt"/>
        <line num="47" count="2" type="stmt"/>
      </file>
    </package>
  </project>
</coverage>
