<?xml version="1.0" encoding="UTF-8"?>
<coverage generated="1775494882885" clover="3.2.0">
  <project timestamp="1775494882885" name="All files">
    <metrics statements="114" coveredstatements="96" conditionals="72" coveredconditionals="59" methods="32" coveredmethods="28" elements="218" coveredelements="183" complexity="0" loc="114" ncloc="114" packages="4" files="9" classes="9"/>
    <package name="app.question">
      <metrics statements="13" coveredstatements="11" conditionals="12" coveredconditionals="11" methods="5" coveredmethods="3"/>
      <file name="index.tsx" path="/Users/ramirotrejes/Developer/Estudify/frontend-mobile/app/question/index.tsx">
        <metrics statements="13" coveredstatements="11" conditionals="12" coveredconditionals="11" methods="5" coveredmethods="3"/>
        <line num="11" count="3" type="stmt"/>
        <line num="13" count="3" type="stmt"/>
        <line num="15" count="3" type="stmt"/>
        <line num="16" count="1" type="stmt"/>
        <line num="17" count="0" type="stmt"/>
        <line num="22" count="3" type="cond" truecount="2" falsecount="0"/>
        <line num="23" count="1" type="stmt"/>
        <line num="30" count="2" type="cond" truecount="2" falsecount="0"/>
        <line num="31" count="1" type="stmt"/>
        <line num="38" count="1" type="stmt"/>
        <line num="65" count="2" type="stmt"/>
        <line num="66" count="2" type="stmt"/>
        <line num="69" count="0" type="stmt"/>
      </file>
    </package>
    <package name="src.components">
      <metrics statements="14" coveredstatements="13" conditionals="24" coveredconditionals="22" methods="10" coveredmethods="9"/>
      <file name="ActionButton.tsx" path="/Users/ramirotrejes/Developer/Estudify/frontend-mobile/src/components/ActionButton.tsx">
        <metrics statements="1" coveredstatements="1" conditionals="0" coveredconditionals="0" methods="1" coveredmethods="1"/>
        <line num="10" count="4" type="stmt"/>
      </file>
      <file name="AnswerCard.tsx" path="/Users/ramirotrejes/Developer/Estudify/frontend-mobile/src/components/AnswerCard.tsx">
        <metrics statements="1" coveredstatements="1" conditionals="10" coveredconditionals="10" methods="1" coveredmethods="1"/>
        <line num="13" count="5" type="stmt"/>
      </file>
      <file name="AnswerStatusBadge.tsx" path="/Users/ramirotrejes/Developer/Estudify/frontend-mobile/src/components/AnswerStatusBadge.tsx">
        <metrics statements="1" coveredstatements="1" conditionals="6" coveredconditionals="6" methods="1" coveredmethods="1"/>
        <line num="9" count="4" type="stmt"/>
      </file>
      <file name="QuestionAnalysisBottomSheet.tsx" path="/Users/ramirotrejes/Developer/Estudify/frontend-mobile/src/components/QuestionAnalysisBottomSheet.tsx">
        <metrics statements="4" coveredstatements="4" conditionals="0" coveredconditionals="0" methods="2" coveredmethods="2"/>
        <line num="20" count="1" type="stmt"/>
        <line num="35" count="4" type="stmt"/>
        <line num="37" count="4" type="stmt"/>
        <line num="59" count="1" type="stmt"/>
      </file>
      <file name="QuestionAnalysisSheet.tsx" path="/Users/ramirotrejes/Developer/Estudify/frontend-mobile/src/components/QuestionAnalysisSheet.tsx">
        <metrics statements="1" coveredstatements="1" conditionals="6" coveredconditionals="4" methods="1" coveredmethods="1"/>
        <line num="30" count="4" type="stmt"/>
      </file>
      <file name="QuestionCard.tsx" path="/Users/ramirotrejes/Developer/Estudify/frontend-mobile/src/components/QuestionCard.tsx">
        <metrics statements="6" coveredstatements="5" conditionals="2" coveredconditionals="2" methods="4" coveredmethods="3"/>
        <line num="12" count="6" type="stmt"/>
        <line num="14" count="6" type="cond" truecount="2" falsecount="0"/>
        <line num="16" count="6" type="stmt"/>
        <line num="44" count="1" type="stmt"/>
        <line num="55" count="0" type="stmt"/>
        <line num="62" count="1" type="stmt"/>
      </file>
    </package>
    <package name="src.hooks">
      <metrics statements="58" coveredstatements="56" conditionals="24" coveredconditionals="21" methods="13" coveredmethods="12"/>
      <file name="useQuestionSession.ts" path="/Users/ramirotrejes/Developer/Estudify/frontend-mobile/src/hooks/useQuestionSession.ts">
        <metrics statements="58" coveredstatements="56" conditionals="24" coveredconditionals="21" methods="13" coveredmethods="12"/>
        <line num="9" count="1" type="stmt"/>
        <line num="10" count="1" type="stmt"/>
        <line num="11" count="1" type="cond" truecount="1" falsecount="1"/>
        <line num="13" count="1" type="stmt"/>
        <line num="15" count="1" type="stmt"/>
        <line num="17" count="1" type="stmt"/>
        <line num="19" count="0" type="stmt"/>
        <line num="24" count="16" type="stmt"/>
        <line num="25" count="16" type="stmt"/>
        <line num="26" count="16" type="stmt"/>
        <line num="27" count="16" type="stmt"/>
        <line num="28" count="16" type="stmt"/>
        <line num="29" count="16" type="stmt"/>
        <line num="30" count="16" type="stmt"/>
        <line num="31" count="16" type="stmt"/>
        <line num="37" count="12" type="cond" truecount="4" falsecount="0"/>
        <line num="39" count="8" type="stmt"/>
        <line num="41" count="8" type="stmt"/>
        <line num="42" count="8" type="stmt"/>
        <line num="49" count="8" type="cond" truecount="2" falsecount="0"/>
        <line num="50" count="3" type="stmt"/>
        <line num="53" count="8" type="cond" truecount="2" falsecount="0"/>
        <line num="54" count="5" type="stmt"/>
        <line num="55" count="5" type="stmt"/>
        <line num="58" count="3" type="stmt"/>
        <line num="59" count="3" type="stmt"/>
        <line num="60" count="3" type="stmt"/>
        <line num="61" count="9" type="stmt"/>
        <line num="63" count="3" type="stmt"/>
        <line num="66" count="0" type="stmt"/>
        <line num="68" count="8" type="stmt"/>
        <line num="69" count="8" type="stmt"/>
        <line num="73" count="16" type="stmt"/>
        <line num="74" count="4" type="stmt"/>
        <line num="75" count="4" type="stmt"/>
        <line num="76" count="4" type="stmt"/>
        <line num="77" count="4" type="stmt"/>
        <line num="78" count="4" type="stmt"/>
        <line num="79" count="4" type="stmt"/>
        <line num="81" count="4" type="stmt"/>
        <line num="84" count="16" type="stmt"/>
        <line num="85" count="13" type="cond" truecount="4" falsecount="0"/>
        <line num="86" count="8" type="stmt"/>
        <line num="91" count="2" type="cond" truecount="1" falsecount="1"/>
        <line num="93" count="2" type="stmt"/>
        <line num="94" count="2" type="cond" truecount="3" falsecount="1"/>
        <line num="96" count="2" type="stmt"/>
        <line num="98" count="2" type="stmt"/>
        <line num="100" count="2" type="stmt"/>
        <line num="102" count="1" type="stmt"/>
        <line num="105" count="2" type="stmt"/>
        <line num="108" count="2" type="stmt"/>
        <line num="109" count="2" type="stmt"/>
        <line num="111" count="2" type="stmt"/>
        <line num="116" count="2" type="cond" truecount="2" falsecount="0"/>
        <line num="117" count="1" type="stmt"/>
        <line num="121" count="16" type="stmt"/>
        <line num="123" count="16" type="stmt"/>
      </file>
    </package>
    <package name="src.services">
      <metrics statements="29" coveredstatements="16" conditionals="12" coveredconditionals="5" methods="4" coveredmethods="4"/>
      <file name="questionService.ts" path="/Users/ramirotrejes/Developer/Estudify/frontend-mobile/src/services/questionService.ts">
        <metrics statements="29" coveredstatements="16" conditionals="12" coveredconditionals="5" methods="4" coveredmethods="4"/>
        <line num="3" count="2" type="stmt"/>
        <line num="4" count="2" type="stmt"/>
        <line num="5" count="2" type="stmt"/>
        <line num="6" count="2" type="stmt"/>
        <line num="21" count="1" type="cond" truecount="1" falsecount="1"/>
        <line num="22" count="1" type="stmt"/>
        <line num="24" count="1" type="cond" truecount="1" falsecount="1"/>
        <line num="25" count="0" type="stmt"/>
        <line num="33" count="1" type="stmt"/>
        <line num="35" count="1" type="stmt"/>
        <line num="36" count="10" type="stmt"/>
        <line num="38" count="10" type="stmt"/>
        <line num="72" count="1" type="stmt"/>
        <line num="83" count="0" type="stmt"/>
        <line num="85" count="0" type="stmt"/>
        <line num="86" count="0" type="stmt"/>
        <line num="87" count="0" type="stmt"/>
        <line num="89" count="0" type="stmt"/>
        <line num="91" count="0" type="cond" truecount="0" falsecount="2"/>
        <line num="92" count="0" type="stmt"/>
        <line num="95" count="0" type="stmt"/>
        <line num="97" count="0" type="stmt"/>
        <line num="101" count="1" type="cond" truecount="1" falsecount="1"/>
        <line num="102" count="1" type="stmt"/>
        <line num="103" count="1" type="stmt"/>
        <line num="104" count="1" type="stmt"/>
        <line num="107" count="0" type="stmt"/>
        <line num="118" count="0" type="cond" truecount="0" falsecount="2"/>
        <line num="119" count="0" type="stmt"/>
      </file>
    </package>
  </project>
</coverage>
