{"/Users/isadoraguerra/Documents/AgesIII/frontend-mobile/app/login/index.tsx": {"path":"/Users/isadoraguerra/Documents/AgesIII/frontend-mobile/app/login/index.tsx","statementMap":{"0":{"start":{"line":10,"column":28},"end":{"line":10,"column":40}},"1":{"start":{"line":11,"column":34},"end":{"line":11,"column":46}},"2":{"start":{"line":12,"column":36},"end":{"line":12,"column":51}},"3":{"start":{"line":14,"column":17},"end":{"line":14,"column":28}},"4":{"start":{"line":16,"column":22},"end":{"line":36,"column":3}},"5":{"start":{"line":17,"column":4},"end":{"line":20,"column":5}},"6":{"start":{"line":18,"column":6},"end":{"line":18,"column":54}},"7":{"start":{"line":19,"column":6},"end":{"line":19,"column":13}},"8":{"start":{"line":22,"column":4},"end":{"line":22,"column":23}},"9":{"start":{"line":24,"column":4},"end":{"line":35,"column":5}},"10":{"start":{"line":25,"column":20},"end":{"line":28,"column":8}},"11":{"start":{"line":30,"column":6},"end":{"line":30,"column":34}},"12":{"start":{"line":32,"column":6},"end":{"line":32,"column":51}},"13":{"start":{"line":34,"column":6},"end":{"line":34,"column":26}},"14":{"start":{"line":38,"column":2},"end":{"line":83,"column":4}}},"fnMap":{"0":{"name":"LoginPage","decl":{"start":{"line":9,"column":24},"end":{"line":9,"column":33}},"loc":{"start":{"line":9,"column":36},"end":{"line":84,"column":1}},"line":9},"1":{"name":"(anonymous_1)","decl":{"start":{"line":16,"column":22},"end":{"line":16,"column":23}},"loc":{"start":{"line":16,"column":34},"end":{"line":36,"column":3}},"line":16}},"branchMap":{"0":{"loc":{"start":{"line":17,"column":4},"end":{"line":20,"column":5}},"type":"if","locations":[{"start":{"line":17,"column":4},"end":{"line":20,"column":5}},{"start":{},"end":{}}],"line":17},"1":{"loc":{"start":{"line":17,"column":8},"end":{"line":17,"column":27}},"type":"binary-expr","locations":[{"start":{"line":17,"column":8},"end":{"line":17,"column":14}},{"start":{"line":17,"column":18},"end":{"line":17,"column":27}}],"line":17}},"s":{"0":16,"1":16,"2":16,"3":16,"4":16,"5":4,"6":1,"7":1,"8":3,"9":3,"10":3,"11":1,"12":1,"13":2,"14":16},"f":{"0":16,"1":4},"b":{"0":[1,3],"1":[4,3]},"_coverageSchema":"1a1c01bbd47fc00a2c39e90264f33305004495a9","hash":"396a5e6f779f6c6caa2d0f75048d682b0d39e778"}
,"/Users/isadoraguerra/Documents/AgesIII/frontend-mobile/src/components/ActionButton.tsx": {"path":"/Users/isadoraguerra/Documents/AgesIII/frontend-mobile/src/components/ActionButton.tsx","statementMap":{"0":{"start":{"line":11,"column":2},"end":{"line":19,"column":4}}},"fnMap":{"0":{"name":"ActionButton","decl":{"start":{"line":10,"column":16},"end":{"line":10,"column":28}},"loc":{"start":{"line":10,"column":76},"end":{"line":20,"column":1}},"line":10}},"branchMap":{},"s":{"0":4},"f":{"0":4},"b":{},"_coverageSchema":"1a1c01bbd47fc00a2c39e90264f33305004495a9","hash":"6fc3f63dae1b7aeba3c897eaddab0a4e15eaa598"}
,"/Users/isadoraguerra/Documents/AgesIII/frontend-mobile/src/components/AnswerCard.tsx": {"path":"/Users/isadoraguerra/Documents/AgesIII/frontend-mobile/src/components/AnswerCard.tsx","statementMap":{"0":{"start":{"line":13,"column":2},"end":{"line":36,"column":4}}},"fnMap":{"0":{"name":"AnswerCard","decl":{"start":{"line":12,"column":16},"end":{"line":12,"column":26}},"loc":{"start":{"line":12,"column":72},"end":{"line":37,"column":1}},"line":12}},"branchMap":{"0":{"loc":{"start":{"line":15,"column":69},"end":{"line":15,"column":106}},"type":"cond-expr","locations":[{"start":{"line":15,"column":81},"end":{"line":15,"column":93}},{"start":{"line":15,"column":96},"end":{"line":15,"column":106}}],"line":15},"1":{"loc":{"start":{"line":18,"column":48},"end":{"line":18,"column":92}},"type":"cond-expr","locations":[{"start":{"line":18,"column":60},"end":{"line":18,"column":76}},{"start":{"line":18,"column":79},"end":{"line":18,"column":92}}],"line":18},"2":{"loc":{"start":{"line":21,"column":9},"end":{"line":21,"column":56}},"type":"cond-expr","locations":[{"start":{"line":21,"column":21},"end":{"line":21,"column":39}},{"start":{"line":21,"column":42},"end":{"line":21,"column":56}}],"line":21},"3":{"loc":{"start":{"line":25,"column":46},"end":{"line":25,"column":86}},"type":"cond-expr","locations":[{"start":{"line":25,"column":58},"end":{"line":25,"column":70}},{"start":{"line":25,"column":73},"end":{"line":25,"column":86}}],"line":25},"4":{"loc":{"start":{"line":30,"column":36},"end":{"line":30,"column":83}},"type":"cond-expr","locations":[{"start":{"line":30,"column":48},"end":{"line":30,"column":67}},{"start":{"line":30,"column":70},"end":{"line":30,"column":83}}],"line":30}},"s":{"0":5},"f":{"0":5},"b":{"0":[4,1],"1":[4,1],"2":[4,1],"3":[4,1],"4":[4,1]},"_coverageSchema":"1a1c01bbd47fc00a2c39e90264f33305004495a9","hash":"c95c4d6c9f1ab11840c79bd2a999854719576a46"}
,"/Users/isadoraguerra/Documents/AgesIII/frontend-mobile/src/components/AnswerStatusBadge.tsx": {"path":"/Users/isadoraguerra/Documents/AgesIII/frontend-mobile/src/components/AnswerStatusBadge.tsx","statementMap":{"0":{"start":{"line":9,"column":2},"end":{"line":18,"column":4}}},"fnMap":{"0":{"name":"AnswerStatusBadge","decl":{"start":{"line":8,"column":16},"end":{"line":8,"column":33}},"loc":{"start":{"line":8,"column":73},"end":{"line":19,"column":1}},"line":8}},"branchMap":{"0":{"loc":{"start":{"line":11,"column":62},"end":{"line":11,"column":99}},"type":"cond-expr","locations":[{"start":{"line":11,"column":74},"end":{"line":11,"column":86}},{"start":{"line":11,"column":89},"end":{"line":11,"column":99}}],"line":11},"1":{"loc":{"start":{"line":13,"column":23},"end":{"line":13,"column":67}},"type":"cond-expr","locations":[{"start":{"line":13,"column":35},"end":{"line":13,"column":51}},{"start":{"line":13,"column":54},"end":{"line":13,"column":67}}],"line":13},"2":{"loc":{"start":{"line":15,"column":9},"end":{"line":15,"column":62}},"type":"cond-expr","locations":[{"start":{"line":15,"column":21},"end":{"line":15,"column":39}},{"start":{"line":15,"column":42},"end":{"line":15,"column":62}}],"line":15}},"s":{"0":4},"f":{"0":4},"b":{"0":[3,1],"1":[3,1],"2":[3,1]},"_coverageSchema":"1a1c01bbd47fc00a2c39e90264f33305004495a9","hash":"55f206c0726b3d38a82536a38bce40841d174428"}
,"/Users/isadoraguerra/Documents/AgesIII/frontend-mobile/src/components/QuestionAnalysisBottomSheet.tsx": {"path":"/Users/isadoraguerra/Documents/AgesIII/frontend-mobile/src/components/QuestionAnalysisBottomSheet.tsx","statementMap":{"0":{"start":{"line":20,"column":43},"end":{"line":57,"column":1}},"1":{"start":{"line":35,"column":23},"end":{"line":35,"column":56}},"2":{"start":{"line":35,"column":37},"end":{"line":35,"column":51}},"3":{"start":{"line":37,"column":4},"end":{"line":55,"column":6}},"4":{"start":{"line":59,"column":0},"end":{"line":59,"column":72}}},"fnMap":{"0":{"name":"(anonymous_0)","decl":{"start":{"line":24,"column":2},"end":{"line":24,"column":3}},"loc":{"start":{"line":34,"column":7},"end":{"line":56,"column":3}},"line":34},"1":{"name":"(anonymous_1)","decl":{"start":{"line":35,"column":31},"end":{"line":35,"column":32}},"loc":{"start":{"line":35,"column":37},"end":{"line":35,"column":51}},"line":35}},"branchMap":{},"s":{"0":1,"1":4,"2":4,"3":4,"4":1},"f":{"0":4,"1":4},"b":{},"_coverageSchema":"1a1c01bbd47fc00a2c39e90264f33305004495a9","hash":"d2826c1cbc3b6bcae845c79bb3d76886de70e920"}
,"/Users/isadoraguerra/Documents/AgesIII/frontend-mobile/src/components/QuestionAnalysisSheet.tsx": {"path":"/Users/isadoraguerra/Documents/AgesIII/frontend-mobile/src/components/QuestionAnalysisSheet.tsx","statementMap":{"0":{"start":{"line":30,"column":2},"end":{"line":88,"column":4}}},"fnMap":{"0":{"name":"QuestionAnalysisSheet","decl":{"start":{"line":22,"column":16},"end":{"line":22,"column":37}},"loc":{"start":{"line":29,"column":18},"end":{"line":89,"column":1}},"line":29}},"branchMap":{"0":{"loc":{"start":{"line":40,"column":13},"end":{"line":65,"column":13}},"type":"cond-expr","locations":[{"start":{"line":41,"column":14},"end":{"line":47,"column":16}},{"start":{"line":49,"column":14},"end":{"line":64,"column":21}}],"line":40},"1":{"loc":{"start":{"line":60,"column":28},"end":{"line":60,"column":59}},"type":"binary-expr","locations":[{"start":{"line":60,"column":28},"end":{"line":60,"column":53}},{"start":{"line":60,"column":57},"end":{"line":60,"column":59}}],"line":60},"2":{"loc":{"start":{"line":61,"column":26},"end":{"line":61,"column":55}},"type":"binary-expr","locations":[{"start":{"line":61,"column":26},"end":{"line":61,"column":49}},{"start":{"line":61,"column":53},"end":{"line":61,"column":55}}],"line":61}},"s":{"0":4},"f":{"0":4},"b":{"0":[3,1],"1":[1,0],"2":[1,0]},"_coverageSchema":"1a1c01bbd47fc00a2c39e90264f33305004495a9","hash":"b31faab2135cd8bc87fb85d8edd5acae3e43d021"}
,"/Users/isadoraguerra/Documents/AgesIII/frontend-mobile/src/components/TextInputWithTitle/TextInputWithTitle.tsx": {"path":"/Users/isadoraguerra/Documents/AgesIII/frontend-mobile/src/components/TextInputWithTitle/TextInputWithTitle.tsx","statementMap":{"0":{"start":{"line":20,"column":42},"end":{"line":20,"column":56}},"1":{"start":{"line":22,"column":2},"end":{"line":56,"column":4}},"2":{"start":{"line":47,"column":14},"end":{"line":47,"column":45}}},"fnMap":{"0":{"name":"TextInputWithTitle","decl":{"start":{"line":13,"column":16},"end":{"line":13,"column":34}},"loc":{"start":{"line":19,"column":28},"end":{"line":57,"column":1}},"line":19},"1":{"name":"(anonymous_1)","decl":{"start":{"line":27,"column":30},"end":{"line":27,"column":31}},"loc":{"start":{"line":27,"column":36},"end":{"line":27,"column":39}},"line":27},"2":{"name":"(anonymous_2)","decl":{"start":{"line":46,"column":21},"end":{"line":46,"column":22}},"loc":{"start":{"line":46,"column":27},"end":{"line":48,"column":13}},"line":46}},"branchMap":{"0":{"loc":{"start":{"line":16,"column":2},"end":{"line":16,"column":20}},"type":"default-arg","locations":[{"start":{"line":16,"column":15},"end":{"line":16,"column":20}}],"line":16},"1":{"loc":{"start":{"line":26,"column":9},"end":{"line":32,"column":9}},"type":"binary-expr","locations":[{"start":{"line":26,"column":9},"end":{"line":26,"column":19}},{"start":{"line":27,"column":10},"end":{"line":31,"column":22}}],"line":26},"2":{"loc":{"start":{"line":40,"column":27},"end":{"line":40,"column":53}},"type":"binary-expr","locations":[{"start":{"line":40,"column":27},"end":{"line":40,"column":37}},{"start":{"line":40,"column":41},"end":{"line":40,"column":53}}],"line":40},"3":{"loc":{"start":{"line":43,"column":9},"end":{"line":53,"column":9}},"type":"binary-expr","locations":[{"start":{"line":43,"column":9},"end":{"line":43,"column":19}},{"start":{"line":44,"column":10},"end":{"line":52,"column":22}}],"line":43},"4":{"loc":{"start":{"line":51,"column":13},"end":{"line":51,"column":68}},"type":"cond-expr","locations":[{"start":{"line":51,"column":28},"end":{"line":51,"column":48}},{"start":{"line":51,"column":51},"end":{"line":51,"column":68}}],"line":51}},"s":{"0":40,"1":40,"2":2},"f":{"0":40,"1":0,"2":2},"b":{"0":[19],"1":[40,21],"2":[40,21],"3":[40,21],"4":[20,1]},"_coverageSchema":"1a1c01bbd47fc00a2c39e90264f33305004495a9","hash":"bc31c8b4899c729828e662c025d232bb7641fb7b"}
}
