{"/Users/ramirotrejes/Developer/Estudify/frontend-mobile/app/question/index.tsx": {"path":"/Users/ramirotrejes/Developer/Estudify/frontend-mobile/app/question/index.tsx","statementMap":{"0":{"start":{"line":11,"column":4},"end":{"line":11,"column":39}},"1":{"start":{"line":13,"column":17},"end":{"line":13,"column":28}},"2":{"start":{"line":15,"column":24},"end":{"line":20,"column":3}},"3":{"start":{"line":16,"column":4},"end":{"line":19,"column":6}},"4":{"start":{"line":17,"column":6},"end":{"line":17,"column":77}},"5":{"start":{"line":22,"column":2},"end":{"line":28,"column":3}},"6":{"start":{"line":23,"column":4},"end":{"line":27,"column":6}},"7":{"start":{"line":30,"column":2},"end":{"line":36,"column":3}},"8":{"start":{"line":31,"column":4},"end":{"line":35,"column":5}},"9":{"start":{"line":38,"column":2},"end":{"line":105,"column":4}},"10":{"start":{"line":65,"column":29},"end":{"line":65,"column":51}},"11":{"start":{"line":66,"column":10},"end":{"line":91,"column":12}},"12":{"start":{"line":69,"column":29},"end":{"line":69,"column":51}}},"fnMap":{"0":{"name":"QuestionScreen","decl":{"start":{"line":9,"column":24},"end":{"line":9,"column":38}},"loc":{"start":{"line":9,"column":41},"end":{"line":106,"column":1}},"line":9},"1":{"name":"(anonymous_1)","decl":{"start":{"line":15,"column":24},"end":{"line":15,"column":25}},"loc":{"start":{"line":15,"column":30},"end":{"line":20,"column":3}},"line":15},"2":{"name":"(anonymous_2)","decl":{"start":{"line":16,"column":18},"end":{"line":16,"column":19}},"loc":{"start":{"line":16,"column":24},"end":{"line":19,"column":5}},"line":16},"3":{"name":"(anonymous_3)","decl":{"start":{"line":64,"column":35},"end":{"line":64,"column":36}},"loc":{"start":{"line":64,"column":44},"end":{"line":92,"column":9}},"line":64},"4":{"name":"(anonymous_4)","decl":{"start":{"line":69,"column":23},"end":{"line":69,"column":24}},"loc":{"start":{"line":69,"column":29},"end":{"line":69,"column":51}},"line":69}},"branchMap":{"0":{"loc":{"start":{"line":22,"column":2},"end":{"line":28,"column":3}},"type":"if","locations":[{"start":{"line":22,"column":2},"end":{"line":28,"column":3}},{"start":{},"end":{}}],"line":22},"1":{"loc":{"start":{"line":30,"column":2},"end":{"line":36,"column":3}},"type":"if","locations":[{"start":{"line":30,"column":2},"end":{"line":36,"column":3}},{"start":{},"end":{}}],"line":30},"2":{"loc":{"start":{"line":70,"column":55},"end":{"line":72,"column":44}},"type":"cond-expr","locations":[{"start":{"line":71,"column":18},"end":{"line":71,"column":46}},{"start":{"line":72,"column":18},"end":{"line":72,"column":44}}],"line":70},"3":{"loc":{"start":{"line":77,"column":81},"end":{"line":77,"column":125}},"type":"cond-expr","locations":[{"start":{"line":77,"column":94},"end":{"line":77,"column":109}},{"start":{"line":77,"column":112},"end":{"line":77,"column":125}}],"line":77},"4":{"loc":{"start":{"line":81,"column":44},"end":{"line":81,"column":87}},"type":"cond-expr","locations":[{"start":{"line":81,"column":57},"end":{"line":81,"column":69}},{"start":{"line":81,"column":72},"end":{"line":81,"column":87}}],"line":81},"5":{"loc":{"start":{"line":99,"column":50},"end":{"line":99,"column":92}},"type":"cond-expr","locations":[{"start":{"line":99,"column":61},"end":{"line":99,"column":76}},{"start":{"line":99,"column":79},"end":{"line":99,"column":92}}],"line":99}},"s":{"0":3,"1":3,"2":3,"3":1,"4":0,"5":3,"6":1,"7":2,"8":1,"9":1,"10":2,"11":2,"12":0},"f":{"0":3,"1":1,"2":0,"3":2,"4":0},"b":{"0":[1,2],"1":[1,1],"2":[1,1],"3":[1,1],"4":[1,1],"5":[1,0]},"_coverageSchema":"1a1c01bbd47fc00a2c39e90264f33305004495a9","hash":"bb22ebcf1089b8891e121181f113d9b101f0e900"}
,"/Users/ramirotrejes/Developer/Estudify/frontend-mobile/src/components/ActionButton.tsx": {"path":"/Users/ramirotrejes/Developer/Estudify/frontend-mobile/src/components/ActionButton.tsx","statementMap":{"0":{"start":{"line":10,"column":2},"end":{"line":17,"column":4}}},"fnMap":{"0":{"name":"ActionButton","decl":{"start":{"line":9,"column":16},"end":{"line":9,"column":28}},"loc":{"start":{"line":9,"column":66},"end":{"line":18,"column":1}},"line":9}},"branchMap":{},"s":{"0":4},"f":{"0":4},"b":{},"_coverageSchema":"1a1c01bbd47fc00a2c39e90264f33305004495a9","hash":"354a6fe86142bdd5cb66efc5b6be25ebb6dad0ad"}
,"/Users/ramirotrejes/Developer/Estudify/frontend-mobile/src/components/AnswerCard.tsx": {"path":"/Users/ramirotrejes/Developer/Estudify/frontend-mobile/src/components/AnswerCard.tsx","statementMap":{"0":{"start":{"line":13,"column":2},"end":{"line":36,"column":4}}},"fnMap":{"0":{"name":"AnswerCard","decl":{"start":{"line":12,"column":16},"end":{"line":12,"column":26}},"loc":{"start":{"line":12,"column":72},"end":{"line":37,"column":1}},"line":12}},"branchMap":{"0":{"loc":{"start":{"line":15,"column":69},"end":{"line":15,"column":106}},"type":"cond-expr","locations":[{"start":{"line":15,"column":81},"end":{"line":15,"column":93}},{"start":{"line":15,"column":96},"end":{"line":15,"column":106}}],"line":15},"1":{"loc":{"start":{"line":18,"column":48},"end":{"line":18,"column":92}},"type":"cond-expr","locations":[{"start":{"line":18,"column":60},"end":{"line":18,"column":76}},{"start":{"line":18,"column":79},"end":{"line":18,"column":92}}],"line":18},"2":{"loc":{"start":{"line":21,"column":9},"end":{"line":21,"column":56}},"type":"cond-expr","locations":[{"start":{"line":21,"column":21},"end":{"line":21,"column":39}},{"start":{"line":21,"column":42},"end":{"line":21,"column":56}}],"line":21},"3":{"loc":{"start":{"line":25,"column":46},"end":{"line":25,"column":86}},"type":"cond-expr","locations":[{"start":{"line":25,"column":58},"end":{"line":25,"column":70}},{"start":{"line":25,"column":73},"end":{"line":25,"column":86}}],"line":25},"4":{"loc":{"start":{"line":30,"column":36},"end":{"line":30,"column":83}},"type":"cond-expr","locations":[{"start":{"line":30,"column":48},"end":{"line":30,"column":67}},{"start":{"line":30,"column":70},"end":{"line":30,"column":83}}],"line":30}},"s":{"0":5},"f":{"0":5},"b":{"0":[4,1],"1":[4,1],"2":[4,1],"3":[4,1],"4":[4,1]},"_coverageSchema":"1a1c01bbd47fc00a2c39e90264f33305004495a9","hash":"3f6dee04aba00ee0b8b728eb31a6f760759b3a4f"}
,"/Users/ramirotrejes/Developer/Estudify/frontend-mobile/src/components/AnswerStatusBadge.tsx": {"path":"/Users/ramirotrejes/Developer/Estudify/frontend-mobile/src/components/AnswerStatusBadge.tsx","statementMap":{"0":{"start":{"line":9,"column":2},"end":{"line":18,"column":4}}},"fnMap":{"0":{"name":"AnswerStatusBadge","decl":{"start":{"line":8,"column":16},"end":{"line":8,"column":33}},"loc":{"start":{"line":8,"column":73},"end":{"line":19,"column":1}},"line":8}},"branchMap":{"0":{"loc":{"start":{"line":11,"column":62},"end":{"line":11,"column":99}},"type":"cond-expr","locations":[{"start":{"line":11,"column":74},"end":{"line":11,"column":86}},{"start":{"line":11,"column":89},"end":{"line":11,"column":99}}],"line":11},"1":{"loc":{"start":{"line":13,"column":23},"end":{"line":13,"column":67}},"type":"cond-expr","locations":[{"start":{"line":13,"column":35},"end":{"line":13,"column":51}},{"start":{"line":13,"column":54},"end":{"line":13,"column":67}}],"line":13},"2":{"loc":{"start":{"line":15,"column":9},"end":{"line":15,"column":62}},"type":"cond-expr","locations":[{"start":{"line":15,"column":21},"end":{"line":15,"column":39}},{"start":{"line":15,"column":42},"end":{"line":15,"column":62}}],"line":15}},"s":{"0":4},"f":{"0":4},"b":{"0":[3,1],"1":[3,1],"2":[3,1]},"_coverageSchema":"1a1c01bbd47fc00a2c39e90264f33305004495a9","hash":"5db1f019721a28379350548edaf6288ab869e29c"}
,"/Users/ramirotrejes/Developer/Estudify/frontend-mobile/src/components/QuestionAnalysisBottomSheet.tsx": {"path":"/Users/ramirotrejes/Developer/Estudify/frontend-mobile/src/components/QuestionAnalysisBottomSheet.tsx","statementMap":{"0":{"start":{"line":20,"column":43},"end":{"line":57,"column":1}},"1":{"start":{"line":35,"column":23},"end":{"line":35,"column":56}},"2":{"start":{"line":35,"column":37},"end":{"line":35,"column":51}},"3":{"start":{"line":37,"column":4},"end":{"line":55,"column":6}},"4":{"start":{"line":59,"column":0},"end":{"line":59,"column":72}}},"fnMap":{"0":{"name":"(anonymous_0)","decl":{"start":{"line":24,"column":2},"end":{"line":24,"column":3}},"loc":{"start":{"line":34,"column":7},"end":{"line":56,"column":3}},"line":34},"1":{"name":"(anonymous_1)","decl":{"start":{"line":35,"column":31},"end":{"line":35,"column":32}},"loc":{"start":{"line":35,"column":37},"end":{"line":35,"column":51}},"line":35}},"branchMap":{},"s":{"0":1,"1":4,"2":4,"3":4,"4":1},"f":{"0":4,"1":4},"b":{},"_coverageSchema":"1a1c01bbd47fc00a2c39e90264f33305004495a9","hash":"26f4a875655d73f9b7d9cff96ba236efd9004eba"}
,"/Users/ramirotrejes/Developer/Estudify/frontend-mobile/src/components/QuestionAnalysisSheet.tsx": {"path":"/Users/ramirotrejes/Developer/Estudify/frontend-mobile/src/components/QuestionAnalysisSheet.tsx","statementMap":{"0":{"start":{"line":30,"column":2},"end":{"line":88,"column":4}}},"fnMap":{"0":{"name":"QuestionAnalysisSheet","decl":{"start":{"line":22,"column":16},"end":{"line":22,"column":37}},"loc":{"start":{"line":29,"column":18},"end":{"line":89,"column":1}},"line":29}},"branchMap":{"0":{"loc":{"start":{"line":40,"column":13},"end":{"line":65,"column":13}},"type":"cond-expr","locations":[{"start":{"line":41,"column":14},"end":{"line":47,"column":16}},{"start":{"line":49,"column":14},"end":{"line":64,"column":21}}],"line":40},"1":{"loc":{"start":{"line":60,"column":28},"end":{"line":60,"column":59}},"type":"binary-expr","locations":[{"start":{"line":60,"column":28},"end":{"line":60,"column":53}},{"start":{"line":60,"column":57},"end":{"line":60,"column":59}}],"line":60},"2":{"loc":{"start":{"line":61,"column":26},"end":{"line":61,"column":55}},"type":"binary-expr","locations":[{"start":{"line":61,"column":26},"end":{"line":61,"column":49}},{"start":{"line":61,"column":53},"end":{"line":61,"column":55}}],"line":61}},"s":{"0":4},"f":{"0":4},"b":{"0":[3,1],"1":[1,0],"2":[1,0]},"_coverageSchema":"1a1c01bbd47fc00a2c39e90264f33305004495a9","hash":"61d8117aba3b18c5fcd13472e24e333504ba61d7"}
,"/Users/ramirotrejes/Developer/Estudify/frontend-mobile/src/components/QuestionCard.tsx": {"path":"/Users/ramirotrejes/Developer/Estudify/frontend-mobile/src/components/QuestionCard.tsx","statementMap":{"0":{"start":{"line":12,"column":36},"end":{"line":12,"column":51}},"1":{"start":{"line":14,"column":22},"end":{"line":14,"column":82}},"2":{"start":{"line":16,"column":4},"end":{"line":80,"column":6}},"3":{"start":{"line":44,"column":35},"end":{"line":44,"column":52}},"4":{"start":{"line":55,"column":39},"end":{"line":55,"column":57}},"5":{"start":{"line":62,"column":43},"end":{"line":62,"column":61}}},"fnMap":{"0":{"name":"QuestionCard","decl":{"start":{"line":11,"column":24},"end":{"line":11,"column":36}},"loc":{"start":{"line":11,"column":70},"end":{"line":81,"column":1}},"line":11},"1":{"name":"(anonymous_1)","decl":{"start":{"line":44,"column":29},"end":{"line":44,"column":30}},"loc":{"start":{"line":44,"column":35},"end":{"line":44,"column":52}},"line":44},"2":{"name":"(anonymous_2)","decl":{"start":{"line":55,"column":33},"end":{"line":55,"column":34}},"loc":{"start":{"line":55,"column":39},"end":{"line":55,"column":57}},"line":55},"3":{"name":"(anonymous_3)","decl":{"start":{"line":62,"column":37},"end":{"line":62,"column":38}},"loc":{"start":{"line":62,"column":43},"end":{"line":62,"column":61}},"line":62}},"branchMap":{"0":{"loc":{"start":{"line":14,"column":22},"end":{"line":14,"column":82}},"type":"cond-expr","locations":[{"start":{"line":14,"column":41},"end":{"line":14,"column":61}},{"start":{"line":14,"column":64},"end":{"line":14,"column":82}}],"line":14}},"s":{"0":6,"1":6,"2":6,"3":1,"4":0,"5":1},"f":{"0":6,"1":1,"2":0,"3":1},"b":{"0":[1,5]},"_coverageSchema":"1a1c01bbd47fc00a2c39e90264f33305004495a9","hash":"c77b2327ddafdd2ed22295c2143f48b2562b40d2"}
,"/Users/ramirotrejes/Developer/Estudify/frontend-mobile/src/hooks/useQuestionSession.ts": {"path":"/Users/ramirotrejes/Developer/Estudify/frontend-mobile/src/hooks/useQuestionSession.ts","statementMap":{"0":{"start":{"line":9,"column":2},"end":{"line":20,"column":3}},"1":{"start":{"line":10,"column":23},"end":{"line":10,"column":66}},"2":{"start":{"line":11,"column":19},"end":{"line":11,"column":59}},"3":{"start":{"line":13,"column":4},"end":{"line":13,"column":40}},"4":{"start":{"line":15,"column":4},"end":{"line":15,"column":72}},"5":{"start":{"line":17,"column":4},"end":{"line":17,"column":73}},"6":{"start":{"line":19,"column":4},"end":{"line":19,"column":62}},"7":{"start":{"line":24,"column":28},"end":{"line":24,"column":52}},"8":{"start":{"line":25,"column":30},"end":{"line":25,"column":41}},"9":{"start":{"line":26,"column":34},"end":{"line":26,"column":63}},"10":{"start":{"line":27,"column":32},"end":{"line":27,"column":46}},"11":{"start":{"line":28,"column":32},"end":{"line":28,"column":46}},"12":{"start":{"line":29,"column":38},"end":{"line":29,"column":53}},"13":{"start":{"line":30,"column":42},"end":{"line":30,"column":57}},"14":{"start":{"line":31,"column":34},"end":{"line":34,"column":4}},"15":{"start":{"line":37,"column":4},"end":{"line":37,"column":39}},"16":{"start":{"line":37,"column":32},"end":{"line":37,"column":39}},"17":{"start":{"line":39,"column":4},"end":{"line":39,"column":24}},"18":{"start":{"line":41,"column":4},"end":{"line":70,"column":5}},"19":{"start":{"line":42,"column":23},"end":{"line":47,"column":8}},"20":{"start":{"line":49,"column":6},"end":{"line":51,"column":7}},"21":{"start":{"line":50,"column":8},"end":{"line":50,"column":51}},"22":{"start":{"line":53,"column":6},"end":{"line":56,"column":7}},"23":{"start":{"line":54,"column":8},"end":{"line":54,"column":26}},"24":{"start":{"line":55,"column":8},"end":{"line":55,"column":15}},"25":{"start":{"line":58,"column":6},"end":{"line":64,"column":9}},"26":{"start":{"line":59,"column":28},"end":{"line":59,"column":58}},"27":{"start":{"line":59,"column":52},"end":{"line":59,"column":56}},"28":{"start":{"line":60,"column":29},"end":{"line":62,"column":9}},"29":{"start":{"line":61,"column":17},"end":{"line":61,"column":39}},"30":{"start":{"line":63,"column":8},"end":{"line":63,"column":42}},"31":{"start":{"line":66,"column":6},"end":{"line":66,"column":56}},"32":{"start":{"line":68,"column":6},"end":{"line":68,"column":24}},"33":{"start":{"line":69,"column":6},"end":{"line":69,"column":27}},"34":{"start":{"line":73,"column":2},"end":{"line":82,"column":22}},"35":{"start":{"line":74,"column":4},"end":{"line":74,"column":17}},"36":{"start":{"line":75,"column":4},"end":{"line":75,"column":17}},"37":{"start":{"line":76,"column":4},"end":{"line":76,"column":22}},"38":{"start":{"line":77,"column":4},"end":{"line":77,"column":21}},"39":{"start":{"line":78,"column":4},"end":{"line":78,"column":21}},"40":{"start":{"line":79,"column":4},"end":{"line":79,"column":25}},"41":{"start":{"line":81,"column":4},"end":{"line":81,"column":20}},"42":{"start":{"line":84,"column":2},"end":{"line":88,"column":22}},"43":{"start":{"line":85,"column":4},"end":{"line":87,"column":5}},"44":{"start":{"line":86,"column":6},"end":{"line":86,"column":22}},"45":{"start":{"line":91,"column":4},"end":{"line":91,"column":29}},"46":{"start":{"line":91,"column":22},"end":{"line":91,"column":29}},"47":{"start":{"line":93,"column":20},"end":{"line":93,"column":33}},"48":{"start":{"line":94,"column":4},"end":{"line":94,"column":38}},"49":{"start":{"line":94,"column":31},"end":{"line":94,"column":38}},"50":{"start":{"line":96,"column":19},"end":{"line":96,"column":27}},"51":{"start":{"line":98,"column":4},"end":{"line":98,"column":26}},"52":{"start":{"line":100,"column":4},"end":{"line":106,"column":9}},"53":{"start":{"line":102,"column":8},"end":{"line":102,"column":45}},"54":{"start":{"line":105,"column":8},"end":{"line":105,"column":31}},"55":{"start":{"line":108,"column":4},"end":{"line":108,"column":22}},"56":{"start":{"line":109,"column":4},"end":{"line":109,"column":34}},"57":{"start":{"line":109,"column":24},"end":{"line":109,"column":32}},"58":{"start":{"line":111,"column":4},"end":{"line":114,"column":8}},"59":{"start":{"line":111,"column":27},"end":{"line":114,"column":5}},"60":{"start":{"line":116,"column":4},"end":{"line":118,"column":5}},"61":{"start":{"line":117,"column":6},"end":{"line":117,"column":18}},"62":{"start":{"line":121,"column":19},"end":{"line":121,"column":32}},"63":{"start":{"line":123,"column":2},"end":{"line":132,"column":4}}},"fnMap":{"0":{"name":"saveFailedAnswer","decl":{"start":{"line":8,"column":15},"end":{"line":8,"column":31}},"loc":{"start":{"line":8,"column":68},"end":{"line":21,"column":1}},"line":8},"1":{"name":"useQuestionSession","decl":{"start":{"line":23,"column":16},"end":{"line":23,"column":34}},"loc":{"start":{"line":23,"column":72},"end":{"line":133,"column":1}},"line":23},"2":{"name":"loadQuestions","decl":{"start":{"line":36,"column":17},"end":{"line":36,"column":30}},"loc":{"start":{"line":36,"column":33},"end":{"line":71,"column":3}},"line":36},"3":{"name":"(anonymous_3)","decl":{"start":{"line":58,"column":15},"end":{"line":58,"column":16}},"loc":{"start":{"line":58,"column":25},"end":{"line":64,"column":7}},"line":58},"4":{"name":"(anonymous_4)","decl":{"start":{"line":59,"column":45},"end":{"line":59,"column":46}},"loc":{"start":{"line":59,"column":52},"end":{"line":59,"column":56}},"line":59},"5":{"name":"(anonymous_5)","decl":{"start":{"line":61,"column":10},"end":{"line":61,"column":11}},"loc":{"start":{"line":61,"column":17},"end":{"line":61,"column":39}},"line":61},"6":{"name":"(anonymous_6)","decl":{"start":{"line":73,"column":12},"end":{"line":73,"column":13}},"loc":{"start":{"line":73,"column":18},"end":{"line":82,"column":3}},"line":73},"7":{"name":"(anonymous_7)","decl":{"start":{"line":84,"column":12},"end":{"line":84,"column":13}},"loc":{"start":{"line":84,"column":18},"end":{"line":88,"column":3}},"line":84},"8":{"name":"confirmAnswer","decl":{"start":{"line":90,"column":11},"end":{"line":90,"column":24}},"loc":{"start":{"line":90,"column":49},"end":{"line":119,"column":3}},"line":90},"9":{"name":"(anonymous_9)","decl":{"start":{"line":101,"column":13},"end":{"line":101,"column":14}},"loc":{"start":{"line":101,"column":19},"end":{"line":103,"column":7}},"line":101},"10":{"name":"(anonymous_10)","decl":{"start":{"line":104,"column":15},"end":{"line":104,"column":16}},"loc":{"start":{"line":104,"column":21},"end":{"line":106,"column":7}},"line":104},"11":{"name":"(anonymous_11)","decl":{"start":{"line":109,"column":14},"end":{"line":109,"column":15}},"loc":{"start":{"line":109,"column":24},"end":{"line":109,"column":32}},"line":109},"12":{"name":"(anonymous_12)","decl":{"start":{"line":111,"column":16},"end":{"line":111,"column":17}},"loc":{"start":{"line":111,"column":27},"end":{"line":114,"column":5}},"line":111}},"branchMap":{"0":{"loc":{"start":{"line":11,"column":19},"end":{"line":11,"column":59}},"type":"cond-expr","locations":[{"start":{"line":11,"column":32},"end":{"line":11,"column":54}},{"start":{"line":11,"column":57},"end":{"line":11,"column":59}}],"line":11},"1":{"loc":{"start":{"line":37,"column":4},"end":{"line":37,"column":39}},"type":"if","locations":[{"start":{"line":37,"column":4},"end":{"line":37,"column":39}},{"start":{},"end":{}}],"line":37},"2":{"loc":{"start":{"line":37,"column":8},"end":{"line":37,"column":30}},"type":"binary-expr","locations":[{"start":{"line":37,"column":8},"end":{"line":37,"column":18}},{"start":{"line":37,"column":22},"end":{"line":37,"column":30}}],"line":37},"3":{"loc":{"start":{"line":49,"column":6},"end":{"line":51,"column":7}},"type":"if","locations":[{"start":{"line":49,"column":6},"end":{"line":51,"column":7}},{"start":{},"end":{}}],"line":49},"4":{"loc":{"start":{"line":53,"column":6},"end":{"line":56,"column":7}},"type":"if","locations":[{"start":{"line":53,"column":6},"end":{"line":56,"column":7}},{"start":{},"end":{}}],"line":53},"5":{"loc":{"start":{"line":85,"column":4},"end":{"line":87,"column":5}},"type":"if","locations":[{"start":{"line":85,"column":4},"end":{"line":87,"column":5}},{"start":{},"end":{}}],"line":85},"6":{"loc":{"start":{"line":85,"column":8},"end":{"line":85,"column":45}},"type":"binary-expr","locations":[{"start":{"line":85,"column":8},"end":{"line":85,"column":15}},{"start":{"line":85,"column":19},"end":{"line":85,"column":45}}],"line":85},"7":{"loc":{"start":{"line":91,"column":4},"end":{"line":91,"column":29}},"type":"if","locations":[{"start":{"line":91,"column":4},"end":{"line":91,"column":29}},{"start":{},"end":{}}],"line":91},"8":{"loc":{"start":{"line":94,"column":4},"end":{"line":94,"column":38}},"type":"if","locations":[{"start":{"line":94,"column":4},"end":{"line":94,"column":38}},{"start":{},"end":{}}],"line":94},"9":{"loc":{"start":{"line":94,"column":8},"end":{"line":94,"column":29}},"type":"binary-expr","locations":[{"start":{"line":94,"column":8},"end":{"line":94,"column":16}},{"start":{"line":94,"column":20},"end":{"line":94,"column":29}}],"line":94},"10":{"loc":{"start":{"line":116,"column":4},"end":{"line":118,"column":5}},"type":"if","locations":[{"start":{"line":116,"column":4},"end":{"line":118,"column":5}},{"start":{},"end":{}}],"line":116},"11":{"loc":{"start":{"line":131,"column":16},"end":{"line":131,"column":50}},"type":"binary-expr","locations":[{"start":{"line":131,"column":16},"end":{"line":131,"column":24}},{"start":{"line":131,"column":28},"end":{"line":131,"column":50}}],"line":131}},"s":{"0":1,"1":1,"2":1,"3":1,"4":1,"5":1,"6":0,"7":16,"8":16,"9":16,"10":16,"11":16,"12":16,"13":16,"14":16,"15":12,"16":4,"17":8,"18":8,"19":8,"20":8,"21":3,"22":8,"23":5,"24":5,"25":3,"26":3,"27":0,"28":3,"29":9,"30":3,"31":0,"32":8,"33":8,"34":16,"35":4,"36":4,"37":4,"38":4,"39":4,"40":4,"41":4,"42":16,"43":13,"44":8,"45":2,"46":0,"47":2,"48":2,"49":0,"50":2,"51":2,"52":2,"53":1,"54":2,"55":2,"56":2,"57":2,"58":2,"59":2,"60":2,"61":1,"62":16,"63":16},"f":{"0":1,"1":16,"2":12,"3":3,"4":0,"5":9,"6":4,"7":13,"8":2,"9":1,"10":2,"11":2,"12":2},"b":{"0":[0,1],"1":[4,8],"2":[12,8],"3":[3,5],"4":[5,3],"5":[8,5],"6":[13,8],"7":[0,2],"8":[0,2],"9":[2,2],"10":[1,1],"11":[16,8]},"_coverageSchema":"1a1c01bbd47fc00a2c39e90264f33305004495a9","hash":"bdbd474dac704f9c4b9911735e61c037e8d1cce2"}
,"/Users/ramirotrejes/Developer/Estudify/frontend-mobile/src/services/questionService.ts": {"path":"/Users/ramirotrejes/Developer/Estudify/frontend-mobile/src/services/questionService.ts","statementMap":{"0":{"start":{"line":3,"column":17},"end":{"line":3,"column":40}},"1":{"start":{"line":4,"column":17},"end":{"line":4,"column":21}},"2":{"start":{"line":5,"column":17},"end":{"line":5,"column":18}},"3":{"start":{"line":6,"column":24},"end":{"line":6,"column":25}},"4":{"start":{"line":21,"column":2},"end":{"line":81,"column":3}},"5":{"start":{"line":22,"column":4},"end":{"line":22,"column":49}},"6":{"start":{"line":22,"column":29},"end":{"line":22,"column":47}},"7":{"start":{"line":24,"column":4},"end":{"line":28,"column":5}},"8":{"start":{"line":25,"column":6},"end":{"line":27,"column":8}},"9":{"start":{"line":33,"column":32},"end":{"line":33,"column":68}},"10":{"start":{"line":35,"column":22},"end":{"line":71,"column":6}},"11":{"start":{"line":36,"column":17},"end":{"line":36,"column":37}},"12":{"start":{"line":38,"column":6},"end":{"line":70,"column":8}},"13":{"start":{"line":72,"column":4},"end":{"line":80,"column":6}},"14":{"start":{"line":83,"column":14},"end":{"line":83,"column":61}},"15":{"start":{"line":85,"column":2},"end":{"line":85,"column":40}},"16":{"start":{"line":86,"column":2},"end":{"line":86,"column":50}},"17":{"start":{"line":87,"column":2},"end":{"line":87,"column":70}},"18":{"start":{"line":89,"column":19},"end":{"line":89,"column":46}},"19":{"start":{"line":91,"column":2},"end":{"line":93,"column":3}},"20":{"start":{"line":92,"column":4},"end":{"line":92,"column":47}},"21":{"start":{"line":95,"column":15},"end":{"line":95,"column":36}},"22":{"start":{"line":97,"column":2},"end":{"line":97,"column":14}},"23":{"start":{"line":101,"column":2},"end":{"line":105,"column":3}},"24":{"start":{"line":102,"column":4},"end":{"line":102,"column":59}},"25":{"start":{"line":103,"column":4},"end":{"line":103,"column":24}},"26":{"start":{"line":104,"column":4},"end":{"line":104,"column":11}},"27":{"start":{"line":107,"column":19},"end":{"line":116,"column":3}},"28":{"start":{"line":118,"column":2},"end":{"line":120,"column":3}},"29":{"start":{"line":119,"column":4},"end":{"line":119,"column":47}}},"fnMap":{"0":{"name":"fetchQuestions","decl":{"start":{"line":15,"column":22},"end":{"line":15,"column":36}},"loc":{"start":{"line":20,"column":49},"end":{"line":98,"column":1}},"line":20},"1":{"name":"(anonymous_1)","decl":{"start":{"line":22,"column":22},"end":{"line":22,"column":23}},"loc":{"start":{"line":22,"column":29},"end":{"line":22,"column":47}},"line":22},"2":{"name":"(anonymous_2)","decl":{"start":{"line":35,"column":70},"end":{"line":35,"column":71}},"loc":{"start":{"line":35,"column":76},"end":{"line":71,"column":5}},"line":35},"3":{"name":"sendAnswer","decl":{"start":{"line":100,"column":22},"end":{"line":100,"column":32}},"loc":{"start":{"line":100,"column":69},"end":{"line":121,"column":1}},"line":100}},"branchMap":{"0":{"loc":{"start":{"line":18,"column":2},"end":{"line":18,"column":12}},"type":"default-arg","locations":[{"start":{"line":18,"column":10},"end":{"line":18,"column":12}}],"line":18},"1":{"loc":{"start":{"line":19,"column":2},"end":{"line":19,"column":24}},"type":"default-arg","locations":[{"start":{"line":19,"column":20},"end":{"line":19,"column":24}}],"line":19},"2":{"loc":{"start":{"line":21,"column":2},"end":{"line":81,"column":3}},"type":"if","locations":[{"start":{"line":21,"column":2},"end":{"line":81,"column":3}},{"start":{},"end":{}}],"line":21},"3":{"loc":{"start":{"line":24,"column":4},"end":{"line":28,"column":5}},"type":"if","locations":[{"start":{"line":24,"column":4},"end":{"line":28,"column":5}},{"start":{},"end":{}}],"line":24},"4":{"loc":{"start":{"line":91,"column":2},"end":{"line":93,"column":3}},"type":"if","locations":[{"start":{"line":91,"column":2},"end":{"line":93,"column":3}},{"start":{},"end":{}}],"line":91},"5":{"loc":{"start":{"line":101,"column":2},"end":{"line":105,"column":3}},"type":"if","locations":[{"start":{"line":101,"column":2},"end":{"line":105,"column":3}},{"start":{},"end":{}}],"line":101},"6":{"loc":{"start":{"line":118,"column":2},"end":{"line":120,"column":3}},"type":"if","locations":[{"start":{"line":118,"column":2},"end":{"line":120,"column":3}},{"start":{},"end":{}}],"line":118}},"s":{"0":2,"1":2,"2":2,"3":2,"4":1,"5":1,"6":1,"7":1,"8":0,"9":1,"10":1,"11":10,"12":10,"13":1,"14":0,"15":0,"16":0,"17":0,"18":0,"19":0,"20":0,"21":0,"22":0,"23":1,"24":1,"25":1,"26":1,"27":0,"28":0,"29":0},"f":{"0":1,"1":1,"2":10,"3":1},"b":{"0":[1],"1":[1],"2":[1,0],"3":[0,1],"4":[0,0],"5":[1,0],"6":[0,0]},"_coverageSchema":"1a1c01bbd47fc00a2c39e90264f33305004495a9","hash":"ac17bafea154014756b757cb78805c20ed2d251c"}
}
