TN:
SF:app/question/index.tsx
FN:9,QuestionScreen
FN:15,(anonymous_1)
FN:16,(anonymous_2)
FN:64,(anonymous_3)
FN:69,(anonymous_4)
FNF:5
FNH:3
FNDA:3,QuestionScreen
FNDA:1,(anonymous_1)
FNDA:0,(anonymous_2)
FNDA:2,(anonymous_3)
FNDA:0,(anonymous_4)
DA:11,3
DA:13,3
DA:15,3
DA:16,1
DA:17,0
DA:22,3
DA:23,1
DA:30,2
DA:31,1
DA:38,1
DA:65,2
DA:66,2
DA:69,0
LF:13
LH:11
BRDA:22,0,0,1
BRDA:22,0,1,2
BRDA:30,1,0,1
BRDA:30,1,1,1
BRDA:70,2,0,1
BRDA:70,2,1,1
BRDA:77,3,0,1
BRDA:77,3,1,1
BRDA:81,4,0,1
BRDA:81,4,1,1
BRDA:99,5,0,1
BRDA:99,5,1,0
BRF:12
BRH:11
end_of_record
TN:
SF:src/components/ActionButton.tsx
FN:9,ActionButton
FNF:1
FNH:1
FNDA:4,ActionButton
DA:10,4
LF:1
LH:1
BRF:0
BRH:0
end_of_record
TN:
SF:src/components/AnswerCard.tsx
FN:12,AnswerCard
FNF:1
FNH:1
FNDA:5,AnswerCard
DA:13,5
LF:1
LH:1
BRDA:15,0,0,4
BRDA:15,0,1,1
BRDA:18,1,0,4
BRDA:18,1,1,1
BRDA:21,2,0,4
BRDA:21,2,1,1
BRDA:25,3,0,4
BRDA:25,3,1,1
BRDA:30,4,0,4
BRDA:30,4,1,1
BRF:10
BRH:10
end_of_record
TN:
SF:src/components/AnswerStatusBadge.tsx
FN:8,AnswerStatusBadge
FNF:1
FNH:1
FNDA:4,AnswerStatusBadge
DA:9,4
LF:1
LH:1
BRDA:11,0,0,3
BRDA:11,0,1,1
BRDA:13,1,0,3
BRDA:13,1,1,1
BRDA:15,2,0,3
BRDA:15,2,1,1
BRF:6
BRH:6
end_of_record
TN:
SF:src/components/QuestionAnalysisBottomSheet.tsx
FN:24,(anonymous_0)
FN:35,(anonymous_1)
FNF:2
FNH:2
FNDA:4,(anonymous_0)
FNDA:4,(anonymous_1)
DA:20,1
DA:35,4
DA:37,4
DA:59,1
LF:4
LH:4
BRF:0
BRH:0
end_of_record
TN:
SF:src/components/QuestionAnalysisSheet.tsx
FN:22,QuestionAnalysisSheet
FNF:1
FNH:1
FNDA:4,QuestionAnalysisSheet
DA:30,4
LF:1
LH:1
BRDA:40,0,0,3
BRDA:40,0,1,1
BRDA:60,1,0,1
BRDA:60,1,1,0
BRDA:61,2,0,1
BRDA:61,2,1,0
BRF:6
BRH:4
end_of_record
TN:
SF:src/components/QuestionCard.tsx
FN:11,QuestionCard
FN:44,(anonymous_1)
FN:55,(anonymous_2)
FN:62,(anonymous_3)
FNF:4
FNH:3
FNDA:6,QuestionCard
FNDA:1,(anonymous_1)
FNDA:0,(anonymous_2)
FNDA:1,(anonymous_3)
DA:12,6
DA:14,6
DA:16,6
DA:44,1
DA:55,0
DA:62,1
LF:6
LH:5
BRDA:14,0,0,1
BRDA:14,0,1,5
BRF:2
BRH:2
end_of_record
TN:
SF:src/hooks/useQuestionSession.ts
FN:8,saveFailedAnswer
FN:23,useQuestionSession
FN:36,loadQuestions
FN:58,(anonymous_3)
FN:59,(anonymous_4)
FN:61,(anonymous_5)
FN:73,(anonymous_6)
FN:84,(anonymous_7)
FN:90,confirmAnswer
FN:101,(anonymous_9)
FN:104,(anonymous_10)
FN:109,(anonymous_11)
FN:111,(anonymous_12)
FNF:13
FNH:12
FNDA:1,saveFailedAnswer
FNDA:16,useQuestionSession
FNDA:12,loadQuestions
FNDA:3,(anonymous_3)
FNDA:0,(anonymous_4)
FNDA:9,(anonymous_5)
FNDA:4,(anonymous_6)
FNDA:13,(anonymous_7)
FNDA:2,confirmAnswer
FNDA:1,(anonymous_9)
FNDA:2,(anonymous_10)
FNDA:2,(anonymous_11)
FNDA:2,(anonymous_12)
DA:9,1
DA:10,1
DA:11,1
DA:13,1
DA:15,1
DA:17,1
DA:19,0
DA:24,16
DA:25,16
DA:26,16
DA:27,16
DA:28,16
DA:29,16
DA:30,16
DA:31,16
DA:37,12
DA:39,8
DA:41,8
DA:42,8
DA:49,8
DA:50,3
DA:53,8
DA:54,5
DA:55,5
DA:58,3
DA:59,3
DA:60,3
DA:61,9
DA:63,3
DA:66,0
DA:68,8
DA:69,8
DA:73,16
DA:74,4
DA:75,4
DA:76,4
DA:77,4
DA:78,4
DA:79,4
DA:81,4
DA:84,16
DA:85,13
DA:86,8
DA:91,2
DA:93,2
DA:94,2
DA:96,2
DA:98,2
DA:100,2
DA:102,1
DA:105,2
DA:108,2
DA:109,2
DA:111,2
DA:116,2
DA:117,1
DA:121,16
DA:123,16
LF:58
LH:56
BRDA:11,0,0,0
BRDA:11,0,1,1
BRDA:37,1,0,4
BRDA:37,1,1,8
BRDA:37,2,0,12
BRDA:37,2,1,8
BRDA:49,3,0,3
BRDA:49,3,1,5
BRDA:53,4,0,5
BRDA:53,4,1,3
BRDA:85,5,0,8
BRDA:85,5,1,5
BRDA:85,6,0,13
BRDA:85,6,1,8
BRDA:91,7,0,0
BRDA:91,7,1,2
BRDA:94,8,0,0
BRDA:94,8,1,2
BRDA:94,9,0,2
BRDA:94,9,1,2
BRDA:116,10,0,1
BRDA:116,10,1,1
BRDA:131,11,0,16
BRDA:131,11,1,8
BRF:24
BRH:21
end_of_record
TN:
SF:src/services/questionService.ts
FN:15,fetchQuestions
FN:22,(anonymous_1)
FN:35,(anonymous_2)
FN:100,sendAnswer
FNF:4
FNH:4
FNDA:1,fetchQuestions
FNDA:1,(anonymous_1)
FNDA:10,(anonymous_2)
FNDA:1,sendAnswer
DA:3,2
DA:4,2
DA:5,2
DA:6,2
DA:21,1
DA:22,1
DA:24,1
DA:25,0
DA:33,1
DA:35,1
DA:36,10
DA:38,10
DA:72,1
DA:83,0
DA:85,0
DA:86,0
DA:87,0
DA:89,0
DA:91,0
DA:92,0
DA:95,0
DA:97,0
DA:101,1
DA:102,1
DA:103,1
DA:104,1
DA:107,0
DA:118,0
DA:119,0
LF:29
LH:16
BRDA:18,0,0,1
BRDA:19,1,0,1
BRDA:21,2,0,1
BRDA:21,2,1,0
BRDA:24,3,0,0
BRDA:24,3,1,1
BRDA:91,4,0,0
BRDA:91,4,1,0
BRDA:101,5,0,1
BRDA:101,5,1,0
BRDA:118,6,0,0
BRDA:118,6,1,0
BRF:12
BRH:5
end_of_record
