TN:
SF:app/login/index.tsx
FN:9,LoginPage
FN:16,(anonymous_1)
FNF:2
FNH:2
FNDA:16,LoginPage
FNDA:4,(anonymous_1)
DA:10,16
DA:11,16
DA:12,16
DA:14,16
DA:16,16
DA:17,4
DA:18,1
DA:19,1
DA:22,3
DA:24,3
DA:25,3
DA:30,1
DA:32,1
DA:34,2
DA:38,16
LF:15
LH:15
BRDA:17,0,0,1
BRDA:17,0,1,3
BRDA:17,1,0,4
BRDA:17,1,1,3
BRF:4
BRH:4
end_of_record
TN:
SF:src/components/ActionButton.tsx
FN:10,ActionButton
FNF:1
FNH:1
FNDA:4,ActionButton
DA:11,4
LF:1
LH:1
BRF:0
BRH:0
end_of_record
TN:
SF:src/components/AnswerCard.tsx
FN:12,AnswerCard
FNF:1
FNH:1
FNDA:5,AnswerCard
DA:13,5
LF:1
LH:1
BRDA:15,0,0,4
BRDA:15,0,1,1
BRDA:18,1,0,4
BRDA:18,1,1,1
BRDA:21,2,0,4
BRDA:21,2,1,1
BRDA:25,3,0,4
BRDA:25,3,1,1
BRDA:30,4,0,4
BRDA:30,4,1,1
BRF:10
BRH:10
end_of_record
TN:
SF:src/components/AnswerStatusBadge.tsx
FN:8,AnswerStatusBadge
FNF:1
FNH:1
FNDA:4,AnswerStatusBadge
DA:9,4
LF:1
LH:1
BRDA:11,0,0,3
BRDA:11,0,1,1
BRDA:13,1,0,3
BRDA:13,1,1,1
BRDA:15,2,0,3
BRDA:15,2,1,1
BRF:6
BRH:6
end_of_record
TN:
SF:src/components/QuestionAnalysisBottomSheet.tsx
FN:24,(anonymous_0)
FN:35,(anonymous_1)
FNF:2
FNH:2
FNDA:4,(anonymous_0)
FNDA:4,(anonymous_1)
DA:20,1
DA:35,4
DA:37,4
DA:59,1
LF:4
LH:4
BRF:0
BRH:0
end_of_record
TN:
SF:src/components/QuestionAnalysisSheet.tsx
FN:22,QuestionAnalysisSheet
FNF:1
FNH:1
FNDA:4,QuestionAnalysisSheet
DA:30,4
LF:1
LH:1
BRDA:40,0,0,3
BRDA:40,0,1,1
BRDA:60,1,0,1
BRDA:60,1,1,0
BRDA:61,2,0,1
BRDA:61,2,1,0
BRF:6
BRH:4
end_of_record
TN:
SF:src/components/TextInputWithTitle/TextInputWithTitle.tsx
FN:13,TextInputWithTitle
FN:27,(anonymous_1)
FN:46,(anonymous_2)
FNF:3
FNH:2
FNDA:40,TextInputWithTitle
FNDA:0,(anonymous_1)
FNDA:2,(anonymous_2)
DA:20,40
DA:22,40
DA:47,2
LF:3
LH:3
BRDA:16,0,0,19
BRDA:26,1,0,40
BRDA:26,1,1,21
BRDA:40,2,0,40
BRDA:40,2,1,21
BRDA:43,3,0,40
BRDA:43,3,1,21
BRDA:51,4,0,20
BRDA:51,4,1,1
BRF:9
BRH:9
end_of_record
